This file contains any messages produced by compilers while
running configure, to aid debugging if configure makes a mistake.

It was created by swig configure 4.0.1, which was
generated by GNU Autoconf 2.69.  Invocation command line was

  $ ./configure 

## --------- ##
## Platform. ##
## --------- ##

hostname = ip-172-31-41-30
uname -m = x86_64
uname -r = 4.15.0-1044-aws
uname -s = Linux
uname -v = #46-Ubuntu SMP Thu Jul 4 13:38:28 UTC 2019

/usr/bin/uname -p = unknown
/bin/uname -X     = unknown

/bin/arch              = unknown
/usr/bin/arch -k       = unknown
/usr/convex/getsysinfo = unknown
/usr/bin/hostinfo      = unknown
/bin/machine           = unknown
/usr/bin/oslevel       = unknown
/bin/universe          = unknown

PATH: /home/ubuntu/anaconda3/envs/tensorflow/bin
PATH: /home/ubuntu/anaconda3/condabin
PATH: /usr/local/sbin
PATH: /usr/local/bin
PATH: /usr/sbin
PATH: /usr/bin
PATH: /sbin
PATH: /bin
PATH: /usr/games
PATH: /usr/local/games
PATH: /snap/bin


## ----------- ##
## Core tests. ##
## ----------- ##

configure:2774: checking build system type
configure:2788: result: x86_64-pc-linux-gnu
configure:2808: checking host system type
configure:2821: result: x86_64-pc-linux-gnu
configure:2857: checking for a BSD-compatible install
configure:2925: result: /usr/bin/install -c
configure:2936: checking whether build environment is sane
configure:2991: result: yes
configure:3142: checking for a thread-safe mkdir -p
configure:3181: result: /bin/mkdir -p
configure:3188: checking for gawk
configure:3204: found /usr/bin/gawk
configure:3215: result: gawk
configure:3226: checking whether make sets $(MAKE)
configure:3252: result: no
configure:3277: checking whether make supports nested variables
configure:3294: result: no
configure:3471: checking for gcc
configure:3487: found /usr/bin/gcc
configure:3498: result: gcc
configure:3727: checking for C compiler version
configure:3736: gcc --version >&5
gcc (Ubuntu 7.4.0-1ubuntu1~18.04.1) 7.4.0
Copyright (C) 2017 Free Software Foundation, Inc.
This is free software; see the source for copying conditions.  There is NO
warranty; not even for MERCHANTABILITY or FITNESS FOR A PARTICULAR PURPOSE.

configure:3747: $? = 0
configure:3736: gcc -v >&5
Using built-in specs.
COLLECT_GCC=gcc
COLLECT_LTO_WRAPPER=/usr/lib/gcc/x86_64-linux-gnu/7/lto-wrapper
OFFLOAD_TARGET_NAMES=nvptx-none
OFFLOAD_TARGET_DEFAULT=1
Target: x86_64-linux-gnu
Configured with: ../src/configure -v --with-pkgversion='Ubuntu 7.4.0-1ubuntu1~18.04.1' --with-bugurl=file:///usr/share/doc/gcc-7/README.Bugs --enable-languages=c,ada,c++,go,brig,d,fortran,objc,obj-c++ --prefix=/usr --with-gcc-major-version-only --program-suffix=-7 --program-prefix=x86_64-linux-gnu- --enable-shared --enable-linker-build-id --libexecdir=/usr/lib --without-included-gettext --enable-threads=posix --libdir=/usr/lib --enable-nls --with-sysroot=/ --enable-clocale=gnu --enable-libstdcxx-debug --enable-libstdcxx-time=yes --with-default-libstdcxx-abi=new --enable-gnu-unique-object --disable-vtable-verify --enable-libmpx --enable-plugin --enable-default-pie --with-system-zlib --with-target-system-zlib --enable-objc-gc=auto --enable-multiarch --disable-werror --with-arch-32=i686 --with-abi=m64 --with-multilib-list=m32,m64,mx32 --enable-multilib --with-tune=generic --enable-offload-targets=nvptx-none --without-cuda-driver --enable-checking=release --build=x86_64-linux-gnu --host=x86_64-linux-gnu --target=x86_64-linux-gnu
Thread model: posix
gcc version 7.4.0 (Ubuntu 7.4.0-1ubuntu1~18.04.1) 
configure:3747: $? = 0
configure:3736: gcc -V >&5
gcc: error: unrecognized command line option '-V'
gcc: fatal error: no input files
compilation terminated.
configure:3747: $? = 1
configure:3736: gcc -qversion >&5
gcc: error: unrecognized command line option '-qversion'; did you mean '--version'?
gcc: fatal error: no input files
compilation terminated.
configure:3747: $? = 1
configure:3767: checking whether the C compiler works
configure:3789: gcc    conftest.c  >&5
configure:3793: $? = 0
configure:3841: result: yes
configure:3844: checking for C compiler default output file name
configure:3846: result: a.out
configure:3852: checking for suffix of executables
configure:3859: gcc -o conftest    conftest.c  >&5
configure:3863: $? = 0
configure:3885: result: 
configure:3907: checking whether we are cross compiling
configure:3915: gcc -o conftest    conftest.c  >&5
configure:3919: $? = 0
configure:3926: ./conftest
configure:3930: $? = 0
configure:3945: result: no
configure:3950: checking for suffix of object files
configure:3972: gcc -c   conftest.c >&5
configure:3976: $? = 0
configure:3997: result: o
configure:4001: checking whether we are using the GNU C compiler
configure:4020: gcc -c   conftest.c >&5
configure:4020: $? = 0
configure:4029: result: yes
configure:4038: checking whether gcc accepts -g
configure:4058: gcc -c -g  conftest.c >&5
configure:4058: $? = 0
configure:4099: result: yes
configure:4116: checking for gcc option to accept ISO C89
configure:4179: gcc  -c -g -O2  conftest.c >&5
configure:4179: $? = 0
configure:4192: result: none needed
configure:4217: checking whether gcc understands -c and -o together
configure:4239: gcc -c conftest.c -o conftest2.o
configure:4242: $? = 0
configure:4239: gcc -c conftest.c -o conftest2.o
configure:4242: $? = 0
configure:4254: result: yes
configure:4282: checking for style of include used by make
configure:4310: result: none
configure:4336: checking dependency style of gcc
configure:4447: result: none
configure:4520: checking for g++
configure:4536: found /usr/bin/g++
configure:4547: result: g++
configure:4574: checking for C++ compiler version
configure:4583: g++ --version >&5
g++ (Ubuntu 7.4.0-1ubuntu1~18.04.1) 7.4.0
Copyright (C) 2017 Free Software Foundation, Inc.
This is free software; see the source for copying conditions.  There is NO
warranty; not even for MERCHANTABILITY or FITNESS FOR A PARTICULAR PURPOSE.

configure:4594: $? = 0
configure:4583: g++ -v >&5
Using built-in specs.
COLLECT_GCC=g++
COLLECT_LTO_WRAPPER=/usr/lib/gcc/x86_64-linux-gnu/7/lto-wrapper
OFFLOAD_TARGET_NAMES=nvptx-none
OFFLOAD_TARGET_DEFAULT=1
Target: x86_64-linux-gnu
Configured with: ../src/configure -v --with-pkgversion='Ubuntu 7.4.0-1ubuntu1~18.04.1' --with-bugurl=file:///usr/share/doc/gcc-7/README.Bugs --enable-languages=c,ada,c++,go,brig,d,fortran,objc,obj-c++ --prefix=/usr --with-gcc-major-version-only --program-suffix=-7 --program-prefix=x86_64-linux-gnu- --enable-shared --enable-linker-build-id --libexecdir=/usr/lib --without-included-gettext --enable-threads=posix --libdir=/usr/lib --enable-nls --with-sysroot=/ --enable-clocale=gnu --enable-libstdcxx-debug --enable-libstdcxx-time=yes --with-default-libstdcxx-abi=new --enable-gnu-unique-object --disable-vtable-verify --enable-libmpx --enable-plugin --enable-default-pie --with-system-zlib --with-target-system-zlib --enable-objc-gc=auto --enable-multiarch --disable-werror --with-arch-32=i686 --with-abi=m64 --with-multilib-list=m32,m64,mx32 --enable-multilib --with-tune=generic --enable-offload-targets=nvptx-none --without-cuda-driver --enable-checking=release --build=x86_64-linux-gnu --host=x86_64-linux-gnu --target=x86_64-linux-gnu
Thread model: posix
gcc version 7.4.0 (Ubuntu 7.4.0-1ubuntu1~18.04.1) 
configure:4594: $? = 0
configure:4583: g++ -V >&5
g++: error: unrecognized command line option '-V'
g++: fatal error: no input files
compilation terminated.
configure:4594: $? = 1
configure:4583: g++ -qversion >&5
g++: error: unrecognized command line option '-qversion'; did you mean '--version'?
g++: fatal error: no input files
compilation terminated.
configure:4594: $? = 1
configure:4598: checking whether we are using the GNU C++ compiler
configure:4617: g++ -c   conftest.cpp >&5
configure:4617: $? = 0
configure:4626: result: yes
configure:4635: checking whether g++ accepts -g
configure:4655: g++ -c -g  conftest.cpp >&5
configure:4655: $? = 0
configure:4696: result: yes
configure:4721: checking dependency style of g++
configure:4832: result: none
configure:4850: checking maximum warning verbosity option
configure:4888: result: -Wall -W -ansi -pedantic for C++ -Wall -W -ansi -pedantic for C
configure:4911: checking how to run the C preprocessor
configure:4942: gcc -E  conftest.c
configure:4942: $? = 0
configure:4956: gcc -E  conftest.c
conftest.c:13:10: fatal error: ac_nonexistent.h: No such file or directory
 #include <ac_nonexistent.h>
          ^~~~~~~~~~~~~~~~~~
compilation terminated.
configure:4956: $? = 1
configure: failed program was:
| /* confdefs.h */
| #define PACKAGE_NAME "swig"
| #define PACKAGE_TARNAME "swig"
| #define PACKAGE_VERSION "4.0.1"
| #define PACKAGE_STRING "swig 4.0.1"
| #define PACKAGE_BUGREPORT "http://www.swig.org"
| #define PACKAGE_URL ""
| #define PACKAGE "swig"
| #define VERSION "4.0.1"
| #define SWIG_CXX "g++"
| #define SWIG_PLATFORM "x86_64-pc-linux-gnu"
| /* end confdefs.h.  */
| #include <ac_nonexistent.h>
configure:4981: result: gcc -E
configure:5001: gcc -E  conftest.c
configure:5001: $? = 0
configure:5015: gcc -E  conftest.c
conftest.c:13:10: fatal error: ac_nonexistent.h: No such file or directory
 #include <ac_nonexistent.h>
          ^~~~~~~~~~~~~~~~~~
compilation terminated.
configure:5015: $? = 1
configure: failed program was:
| /* confdefs.h */
| #define PACKAGE_NAME "swig"
| #define PACKAGE_TARNAME "swig"
| #define PACKAGE_VERSION "4.0.1"
| #define PACKAGE_STRING "swig 4.0.1"
| #define PACKAGE_BUGREPORT "http://www.swig.org"
| #define PACKAGE_URL ""
| #define PACKAGE "swig"
| #define VERSION "4.0.1"
| #define SWIG_CXX "g++"
| #define SWIG_PLATFORM "x86_64-pc-linux-gnu"
| /* end confdefs.h.  */
| #include <ac_nonexistent.h>
configure:5044: checking for grep that handles long lines and -e
configure:5102: result: /bin/grep
configure:5107: checking for egrep
configure:5169: result: /bin/grep -E
configure:5174: checking for ANSI C header files
configure:5194: gcc -c -g -O2 -Wall -W -ansi -pedantic  conftest.c >&5
configure:5194: $? = 0
configure:5267: gcc -o conftest -g -O2 -Wall -W -ansi -pedantic   conftest.c  >&5
configure:5267: $? = 0
configure:5267: ./conftest
configure:5267: $? = 0
configure:5278: result: yes
configure:5297: checking for popen
configure:5297: gcc -o conftest -g -O2 -Wall -W -ansi -pedantic   conftest.c  >&5
configure:5297: $? = 0
configure:5297: result: yes
configure:5318: checking whether to enable PCRE support
configure:5320: result: yes
configure:5324: checking whether to use local PCRE
configure:5333: result: no
configure:5336: checking for a sed that does not truncate output
configure:5400: result: /bin/sed
configure:5470: checking for pcre-config
configure:5488: found /home/ubuntu/anaconda3/envs/tensorflow/bin/pcre-config
configure:5500: result: /home/ubuntu/anaconda3/envs/tensorflow/bin/pcre-config
configure:5670: checking whether to enable ccache-swig
configure:5672: result: yes
configure:5694: checking for bison
configure:5710: found /usr/bin/bison
configure:5721: result: bison -y
configure:5878: checking for boostlib >=  (102000)
configure:5910: g++ -c -g -O2 -Wall -W -ansi -pedantic  -I/home/ubuntu/anaconda3/envs/tensorflow/include  conftest.cpp >&5
conftest.cpp:17:10: fatal error: boost/version.hpp: No such file or directory
 #include <boost/version.hpp>
          ^~~~~~~~~~~~~~~~~~~
compilation terminated.
configure:5910: $? = 1
configure: failed program was:
| /* confdefs.h */
| #define PACKAGE_NAME "swig"
| #define PACKAGE_TARNAME "swig"
| #define PACKAGE_VERSION "4.0.1"
| #define PACKAGE_STRING "swig 4.0.1"
| #define PACKAGE_BUGREPORT "http://www.swig.org"
| #define PACKAGE_URL ""
| #define PACKAGE "swig"
| #define VERSION "4.0.1"
| #define SWIG_CXX "g++"
| #define SWIG_PLATFORM "x86_64-pc-linux-gnu"
| #define STDC_HEADERS 1
| #define HAVE_POPEN 1
| #define HAVE_PCRE 1
| /* end confdefs.h.  */
| 
| #include <boost/version.hpp>
| 
| int
| main ()
| {
| 
| (void) ((void)sizeof(char[1 - 2*!!((BOOST_VERSION) < (102000))]));
| 
|   ;
|   return 0;
| }
configure:6029: g++ -c -g -O2 -Wall -W -ansi -pedantic  -I/home/ubuntu/anaconda3/envs/tensorflow/include -I/include/boost-0 conftest.cpp >&5
conftest.cpp:17:10: fatal error: boost/version.hpp: No such file or directory
 #include <boost/version.hpp>
          ^~~~~~~~~~~~~~~~~~~
compilation terminated.
configure:6029: $? = 1
configure: failed program was:
| /* confdefs.h */
| #define PACKAGE_NAME "swig"
| #define PACKAGE_TARNAME "swig"
| #define PACKAGE_VERSION "4.0.1"
| #define PACKAGE_STRING "swig 4.0.1"
| #define PACKAGE_BUGREPORT "http://www.swig.org"
| #define PACKAGE_URL ""
| #define PACKAGE "swig"
| #define VERSION "4.0.1"
| #define SWIG_CXX "g++"
| #define SWIG_PLATFORM "x86_64-pc-linux-gnu"
| #define STDC_HEADERS 1
| #define HAVE_POPEN 1
| #define HAVE_PCRE 1
| /* end confdefs.h.  */
| 
| #include <boost/version.hpp>
| 
| int
| main ()
| {
| 
| (void) ((void)sizeof(char[1 - 2*!!((BOOST_VERSION) < (102000))]));
| 
|   ;
|   return 0;
| }
configure:6048: We could not detect the boost libraries (version  or higher). If you have a staged boost library (still not installed) please specify $BOOST_ROOT in your environment and do not give a PATH to --with-boost option.  If you are sure you have boost installed, then check your version number looking in <boost/version.hpp>. See http://randspringer.de/boost for more documentation.
configure:6080: ISYSTEM: -isystem 
configure:6085: checking SO
configure:6096: result: .so
configure:6103: checking LDSHARED
configure:6152: result: gcc -shared
configure:6158: checking CXXSHARED
configure:6164: result: gcc -shared
configure:6168: checking TRYLINKINGWITHCXX
configure:6193: result: CXXSHARED= g++ -shared 
configure:6197: checking CCSHARED
configure:6218: result: -fpic
configure:6222: checking RPATH
configure:6233: result: -Xlinker -rpath $(exec_prefix)/lib -Xlinker -rpath .
configure:6239: checking LINKFORSHARED
configure:6253: result: -Xlinker -export-dynamic
configure:6257: checking PLATCFLAGS
configure:6267: result: 
configure:6278: checking whether to enable C++11 testing
configure:6280: result: no
configure:6477: checking for dlopen in -ldl
configure:6502: gcc -o conftest -g -O2 -Wall -W -ansi -pedantic  -I/home/ubuntu/anaconda3/envs/tensorflow/include  conftest.c -ldl   -L/home/ubuntu/anaconda3/envs/tensorflow/lib -lpcre >&5
configure:6502: $? = 0
configure:6511: result: yes
configure:6522: checking for shl_load in -ldld
configure:6547: gcc -o conftest -g -O2 -Wall -W -ansi -pedantic  -I/home/ubuntu/anaconda3/envs/tensorflow/include  conftest.c -ldld  -ldl  -L/home/ubuntu/anaconda3/envs/tensorflow/lib -lpcre >&5
/usr/bin/ld: cannot find -ldld
collect2: error: ld returned 1 exit status
configure:6547: $? = 1
configure: failed program was:
| /* confdefs.h */
| #define PACKAGE_NAME "swig"
| #define PACKAGE_TARNAME "swig"
| #define PACKAGE_VERSION "4.0.1"
| #define PACKAGE_STRING "swig 4.0.1"
| #define PACKAGE_BUGREPORT "http://www.swig.org"
| #define PACKAGE_URL ""
| #define PACKAGE "swig"
| #define VERSION "4.0.1"
| #define SWIG_CXX "g++"
| #define SWIG_PLATFORM "x86_64-pc-linux-gnu"
| #define STDC_HEADERS 1
| #define HAVE_POPEN 1
| #define HAVE_PCRE 1
| #define HAVE_LIBDL 1
| /* end confdefs.h.  */
| 
| /* Override any GCC internal prototype to avoid an error.
|    Use char because int might match the return type of a GCC
|    builtin and then its argument prototype would still apply.  */
| #ifdef __cplusplus
| extern "C"
| #endif
| char shl_load ();
| int
| main ()
| {
| return shl_load ();
|   ;
|   return 0;
| }
configure:6556: result: no
configure:6568: checking for library containing t_open
configure:6599: gcc -o conftest -g -O2 -Wall -W -ansi -pedantic  -I/home/ubuntu/anaconda3/envs/tensorflow/include  conftest.c -ldl  -L/home/ubuntu/anaconda3/envs/tensorflow/lib -lpcre >&5
/tmp/ccfuzXqz.o: In function `main':
/home/ubuntu/code/PythonPractice/swig-4.0.1/conftest.c:28: undefined reference to `t_open'
collect2: error: ld returned 1 exit status
configure:6599: $? = 1
configure: failed program was:
| /* confdefs.h */
| #define PACKAGE_NAME "swig"
| #define PACKAGE_TARNAME "swig"
| #define PACKAGE_VERSION "4.0.1"
| #define PACKAGE_STRING "swig 4.0.1"
| #define PACKAGE_BUGREPORT "http://www.swig.org"
| #define PACKAGE_URL ""
| #define PACKAGE "swig"
| #define VERSION "4.0.1"
| #define SWIG_CXX "g++"
| #define SWIG_PLATFORM "x86_64-pc-linux-gnu"
| #define STDC_HEADERS 1
| #define HAVE_POPEN 1
| #define HAVE_PCRE 1
| #define HAVE_LIBDL 1
| /* end confdefs.h.  */
| 
| /* Override any GCC internal prototype to avoid an error.
|    Use char because int might match the return type of a GCC
|    builtin and then its argument prototype would still apply.  */
| #ifdef __cplusplus
| extern "C"
| #endif
| char t_open ();
| int
| main ()
| {
| return t_open ();
|   ;
|   return 0;
| }
configure:6599: gcc -o conftest -g -O2 -Wall -W -ansi -pedantic  -I/home/ubuntu/anaconda3/envs/tensorflow/include  conftest.c -lnsl  -ldl  -L/home/ubuntu/anaconda3/envs/tensorflow/lib -lpcre >&5
/tmp/cc5bVuUE.o: In function `main':
/home/ubuntu/code/PythonPractice/swig-4.0.1/conftest.c:28: undefined reference to `t_open'
collect2: error: ld returned 1 exit status
configure:6599: $? = 1
configure: failed program was:
| /* confdefs.h */
| #define PACKAGE_NAME "swig"
| #define PACKAGE_TARNAME "swig"
| #define PACKAGE_VERSION "4.0.1"
| #define PACKAGE_STRING "swig 4.0.1"
| #define PACKAGE_BUGREPORT "http://www.swig.org"
| #define PACKAGE_URL ""
| #define PACKAGE "swig"
| #define VERSION "4.0.1"
| #define SWIG_CXX "g++"
| #define SWIG_PLATFORM "x86_64-pc-linux-gnu"
| #define STDC_HEADERS 1
| #define HAVE_POPEN 1
| #define HAVE_PCRE 1
| #define HAVE_LIBDL 1
| /* end confdefs.h.  */
| 
| /* Override any GCC internal prototype to avoid an error.
|    Use char because int might match the return type of a GCC
|    builtin and then its argument prototype would still apply.  */
| #ifdef __cplusplus
| extern "C"
| #endif
| char t_open ();
| int
| main ()
| {
| return t_open ();
|   ;
|   return 0;
| }
configure:6616: result: no
configure:6624: checking for library containing gethostbyname
configure:6655: gcc -o conftest -g -O2 -Wall -W -ansi -pedantic  -I/home/ubuntu/anaconda3/envs/tensorflow/include  conftest.c -ldl  -L/home/ubuntu/anaconda3/envs/tensorflow/lib -lpcre >&5
configure:6655: $? = 0
configure:6672: result: none required
configure:6680: checking for library containing socket
configure:6711: gcc -o conftest -g -O2 -Wall -W -ansi -pedantic  -I/home/ubuntu/anaconda3/envs/tensorflow/include  conftest.c -ldl  -L/home/ubuntu/anaconda3/envs/tensorflow/lib -lpcre >&5
configure:6711: $? = 0
configure:6728: result: none required
configure:6737: checking for swill_init in -lswill
configure:6762: gcc -o conftest -g -O2 -Wall -W -ansi -pedantic  -I/home/ubuntu/anaconda3/envs/tensorflow/include  conftest.c -lswill  -ldl  -L/home/ubuntu/anaconda3/envs/tensorflow/lib -lpcre >&5
/usr/bin/ld: cannot find -lswill
collect2: error: ld returned 1 exit status
configure:6762: $? = 1
configure: failed program was:
| /* confdefs.h */
| #define PACKAGE_NAME "swig"
| #define PACKAGE_TARNAME "swig"
| #define PACKAGE_VERSION "4.0.1"
| #define PACKAGE_STRING "swig 4.0.1"
| #define PACKAGE_BUGREPORT "http://www.swig.org"
| #define PACKAGE_URL ""
| #define PACKAGE "swig"
| #define VERSION "4.0.1"
| #define SWIG_CXX "g++"
| #define SWIG_PLATFORM "x86_64-pc-linux-gnu"
| #define STDC_HEADERS 1
| #define HAVE_POPEN 1
| #define HAVE_PCRE 1
| #define HAVE_LIBDL 1
| /* end confdefs.h.  */
| 
| /* Override any GCC internal prototype to avoid an error.
|    Use char because int might match the return type of a GCC
|    builtin and then its argument prototype would still apply.  */
| #ifdef __cplusplus
| extern "C"
| #endif
| char swill_init ();
| int
| main ()
| {
| return swill_init ();
|   ;
|   return 0;
| }
configure:6771: result: no
configure:6793: checking for main in -lieee
configure:6812: gcc -o conftest -g -O2 -Wall -W -ansi -pedantic  -I/home/ubuntu/anaconda3/envs/tensorflow/include  conftest.c -lieee  -ldl  -L/home/ubuntu/anaconda3/envs/tensorflow/lib -lpcre >&5
/usr/bin/ld: cannot find -lieee
collect2: error: ld returned 1 exit status
configure:6812: $? = 1
configure: failed program was:
| /* confdefs.h */
| #define PACKAGE_NAME "swig"
| #define PACKAGE_TARNAME "swig"
| #define PACKAGE_VERSION "4.0.1"
| #define PACKAGE_STRING "swig 4.0.1"
| #define PACKAGE_BUGREPORT "http://www.swig.org"
| #define PACKAGE_URL ""
| #define PACKAGE "swig"
| #define VERSION "4.0.1"
| #define SWIG_CXX "g++"
| #define SWIG_PLATFORM "x86_64-pc-linux-gnu"
| #define STDC_HEADERS 1
| #define HAVE_POPEN 1
| #define HAVE_PCRE 1
| #define HAVE_LIBDL 1
| /* end confdefs.h.  */
| 
| 
| int
| main ()
| {
| return main ();
|   ;
|   return 0;
| }
configure:6821: result: no
configure:6827: checking for crypt in -lcrypt
configure:6852: gcc -o conftest -g -O2 -Wall -W -ansi -pedantic  -I/home/ubuntu/anaconda3/envs/tensorflow/include  conftest.c -lcrypt  -ldl  -L/home/ubuntu/anaconda3/envs/tensorflow/lib -lpcre >&5
configure:6852: $? = 0
configure:6861: result: yes
configure:6903: checking for pkg-config
configure:6933: result: no
configure:6991: checking for Tcl configuration
configure:7021: result: no
configure:7047: checking for Tcl header files
configure:7054: gcc -E  -I/home/ubuntu/anaconda3/envs/tensorflow/include conftest.c
configure:7054: $? = 0
configure:7072: result: not found
configure:7080: checking for Tcl library
configure:7093: result: not found
configure:7155: checking for python
configure:7171: found /home/ubuntu/anaconda3/envs/tensorflow/bin/python
configure:7182: result: python
configure:7199: checking for python major version number
configure:7202: result: 3
configure:7207: checking for Python os.name
configure:7210: result: posix
configure:7212: checking for Python path separator
configure:7215: result: /
configure:7379: checking for python3
configure:7395: found /home/ubuntu/anaconda3/envs/tensorflow/bin/python3
configure:7406: result: python3
configure:7422: checking for python3-config
configure:7438: found /home/ubuntu/anaconda3/envs/tensorflow/bin/python3-config
configure:7449: result: python3-config
configure:7513: checking for python3 major version number
configure:7516: result: 3
configure:7524: checking for Python 3.x os.name
configure:7527: result: posix
configure:7529: checking for Python 3.x path separator
configure:7532: result: /
configure:7582: checking for Python 3.x prefix
configure:7585: result: /home/ubuntu/anaconda3/envs/tensorflow
configure:7587: checking for Python 3.x exec-prefix
configure:7591: result: /home/ubuntu/anaconda3/envs/tensorflow
configure:7597: checking for Python 3.x version
configure:7603: result: python3.7
configure:7608: checking for Python 3.x lib dir
configure:7615: result: lib
configure:7620: checking for Python 3.x header files
configure:7623: result: -I/home/ubuntu/anaconda3/envs/tensorflow/include/python3.7m -I/home/ubuntu/anaconda3/envs/tensorflow/include/python3.7m
configure:7627: checking for Python 3.x library directory
configure:7637: result: Not found
configure:7646: checking for Python 3.x library
configure:7652: result: -lpython3.7
configure:7678: checking for pycodestyle
configure:7708: result: no
configure:7740: checking for 2to3-3
configure:7770: result: no
configure:7740: checking for 2to3
configure:7756: found /home/ubuntu/anaconda3/envs/tensorflow/bin/2to3
configure:7767: result: 2to3
configure:7829: checking for perl
configure:7845: found /usr/bin/perl
configure:7856: result: perl
configure:7874: checking for Perl5 header files
configure:7883: result: /usr/lib/x86_64-linux-gnu/perl/5.26/CORE
configure:7895: checking for Perl5 library
configure:7902: result: perl
configure:7905: checking for Perl5 ccflags
configure:7912: result: -D_REENTRANT -D_GNU_SOURCE -DDEBIAN -fwrapv -fno-strict-aliasing -pipe -isystem /usr/local/include -D_LARGEFILE_SOURCE -D_FILE_OFFSET_BITS=64
configure:7915: checking for Perl5 ccdlflags
configure:7922: result: -Wl,-E
configure:7925: checking for Perl5 cccdlflags
configure:7932: result: -fPIC
configure:7935: checking for Perl5 ldflags
configure:7942: result:  -fstack-protector-strong -L/usr/local/lib
configure:7945: checking for Perl5 Test::More module
configure:7952: result: found
configure:8007: checking for octave-cli
configure:8040: result: no
configure:8228: checking for scilab
configure:8258: result: no
configure:8404: checking for java JDK
configure:8438: result: no (JAVA_HOME is not defined)
configure:8450: checking for java
configure:8480: result: no
configure:8450: checking for kaffe
configure:8480: result: no
configure:8450: checking for guavac
configure:8480: result: no
configure:8501: checking for javac
configure:8531: result: no
configure:8544: checking for java include file jni.h
configure:8586: result: not found
configure:8621: checking for java tools.jar
configure:8628: result: not found
configure:8753: checking for nodejs
configure:8783: result: no
configure:8753: checking for node
configure:8783: result: no
configure:8846: checking for JavaScriptCore/JavaScript.h
configure:8886: result: not found
configure:8924: checking for V8 Javascript v8.h
configure:8959: result: not found
configure:8967: checking for V8 Javascript library
configure:8988: result: not found
configure:9076: checking for android
configure:9106: result: no
configure:9123: checking for adb
configure:9153: result: no
configure:9170: checking for ant
configure:9200: result: no
configure:9217: checking for ndk-build
configure:9247: result: no
configure:9313: checking for guile-config
configure:9346: result: no
configure:9503: checking for mzscheme
configure:9536: result: no
configure:9548: checking for mzc
configure:9581: result: no
configure:9640: checking for ruby
configure:9670: result: no
configure:9682: checking for Ruby header files
configure:9781: result: could not figure out how to run ruby
configure:9824: checking for php7.3
configure:9854: result: no
configure:9824: checking for php7.2
configure:9854: result: no
configure:9824: checking for php7.1
configure:9854: result: no
configure:9824: checking for php7.0
configure:9854: result: no
configure:9824: checking for php
configure:9854: result: no
configure:9964: checking for ocamlc
configure:9994: result: no
configure:10010: checking for camlp4
configure:10040: result: no
configure:10056: checking for ocamldlgen
configure:10086: result: no
configure:10102: checking for ocamlfind
configure:10132: result: no
configure:10148: checking for ocamlmktop
configure:10178: result: no
configure:10336: checking for mono-csc
configure:10366: result: no
configure:10336: checking for gmcs
configure:10366: result: no
configure:10336: checking for mcs
configure:10366: result: no
configure:10336: checking for cscc
configure:10366: result: no
configure:10592: checking for lua5.4
configure:10625: result: no
configure:10592: checking for lua5.3
configure:10625: result: no
configure:10592: checking for lua5.2
configure:10625: result: no
configure:10592: checking for lua5.1
configure:10625: result: no
configure:10592: checking for lua
configure:10625: result: no
configure:10899: checking for R
configure:10932: result: no
configure:10971: checking for go
configure:11001: result: no
configure:11050: checking for gccgo
configure:11080: result: no
configure:11209: checking for dmd
configure:11239: result: no
configure:11209: checking for ldmd
configure:11239: result: no
configure:11209: checking for gdmd
configure:11239: result: no
configure:11279: checking for dmd
configure:11309: result: no
configure:11279: checking for gdmd
configure:11309: result: no
configure:11728: checking that generated files are newer than configure
configure:11734: result: done
configure:11761: creating ./config.status

## ---------------------- ##
## Running config.status. ##
## ---------------------- ##

This file was extended by swig config.status 4.0.1, which was
generated by GNU Autoconf 2.69.  Invocation command line was

  CONFIG_FILES    = 
  CONFIG_HEADERS  = 
  CONFIG_LINKS    = 
  CONFIG_COMMANDS = 
  $ ./config.status 

on ip-172-31-41-30

config.status:1060: creating Makefile
config.status:1060: creating swig.spec
config.status:1060: creating Examples/Makefile
config.status:1060: creating Examples/d/example.mk
config.status:1060: creating Examples/xml/Makefile
config.status:1060: creating Examples/test-suite/errors/Makefile
config.status:1060: creating Examples/test-suite/csharp/Makefile
config.status:1060: creating Examples/test-suite/d/Makefile
config.status:1060: creating Examples/test-suite/guile/Makefile
config.status:1060: creating Examples/test-suite/java/Makefile
config.status:1060: creating Examples/test-suite/javascript/Makefile
config.status:1060: creating Examples/test-suite/mzscheme/Makefile
config.status:1060: creating Examples/test-suite/ocaml/Makefile
config.status:1060: creating Examples/test-suite/octave/Makefile
config.status:1060: creating Examples/test-suite/perl5/Makefile
config.status:1060: creating Examples/test-suite/php/Makefile
config.status:1060: creating Examples/test-suite/python/Makefile
config.status:1060: creating Examples/test-suite/ruby/Makefile
config.status:1060: creating Examples/test-suite/scilab/Makefile
config.status:1060: creating Examples/test-suite/tcl/Makefile
config.status:1060: creating Examples/test-suite/lua/Makefile
config.status:1060: creating Examples/test-suite/r/Makefile
config.status:1060: creating Examples/test-suite/go/Makefile
config.status:1060: creating Source/Makefile
config.status:1060: creating Tools/javascript/Makefile
config.status:1060: creating preinst-swig
config.status:1060: creating CCache/ccache_swig_config.h
config.status:1060: creating Source/Include/swigconfig.h
config.status:1289: executing depfiles commands
config.status:1289: executing Examples commands
configure:13196: === configuring in CCache (/home/ubuntu/code/PythonPractice/swig-4.0.1/CCache)
configure:13259: running /bin/bash ./configure --disable-option-checking '--prefix=/usr/local'  --cache-file=/dev/null --srcdir=.

## ---------------- ##
## Cache variables. ##
## ---------------- ##

ac_cv_build=x86_64-pc-linux-gnu
ac_cv_c_compiler_gnu=yes
ac_cv_cxx_compiler_gnu=yes
ac_cv_env_CCC_set=
ac_cv_env_CCC_value=
ac_cv_env_CC_set=
ac_cv_env_CC_value=
ac_cv_env_CFLAGS_set=
ac_cv_env_CFLAGS_value=
ac_cv_env_CPPFLAGS_set=
ac_cv_env_CPPFLAGS_value=
ac_cv_env_CPP_set=
ac_cv_env_CPP_value=
ac_cv_env_CXXFLAGS_set=
ac_cv_env_CXXFLAGS_value=
ac_cv_env_CXX_set=
ac_cv_env_CXX_value=
ac_cv_env_LDFLAGS_set=
ac_cv_env_LDFLAGS_value=
ac_cv_env_LIBS_set=
ac_cv_env_LIBS_value=
ac_cv_env_PCRE_CFLAGS_set=
ac_cv_env_PCRE_CFLAGS_value=
ac_cv_env_PCRE_CONFIG_set=
ac_cv_env_PCRE_CONFIG_value=
ac_cv_env_PCRE_LIBS_set=
ac_cv_env_PCRE_LIBS_value=
ac_cv_env_YACC_set=
ac_cv_env_YACC_value=
ac_cv_env_YFLAGS_set=
ac_cv_env_YFLAGS_value=
ac_cv_env_build_alias_set=
ac_cv_env_build_alias_value=
ac_cv_env_host_alias_set=
ac_cv_env_host_alias_value=
ac_cv_env_target_alias_set=
ac_cv_env_target_alias_value=
ac_cv_func_popen=yes
ac_cv_header_stdc=yes
ac_cv_host=x86_64-pc-linux-gnu
ac_cv_lib_crypt_crypt=yes
ac_cv_lib_dl_dlopen=yes
ac_cv_lib_dld_shl_load=no
ac_cv_lib_ieee_main=no
ac_cv_lib_swill_swill_init=no
ac_cv_objext=o
ac_cv_path_EGREP='/bin/grep -E'
ac_cv_path_GREP=/bin/grep
ac_cv_path_PCRE_CONFIG=/home/ubuntu/anaconda3/envs/tensorflow/bin/pcre-config
ac_cv_path_SED=/bin/sed
ac_cv_path_install='/usr/bin/install -c'
ac_cv_path_mkdir=/bin/mkdir
ac_cv_prog_AWK=gawk
ac_cv_prog_CPP='gcc -E'
ac_cv_prog_PERL=perl
ac_cv_prog_PY2TO3=2to3
ac_cv_prog_PY3CONFIG=python3-config
ac_cv_prog_PYTHON3=python3
ac_cv_prog_PYTHON=python
ac_cv_prog_YACC='bison -y'
ac_cv_prog_ac_ct_CC=gcc
ac_cv_prog_ac_ct_CXX=g++
ac_cv_prog_cc_c89=
ac_cv_prog_cc_g=yes
ac_cv_prog_cxx_g=yes
ac_cv_prog_make_make_set=no
ac_cv_search_gethostbyname='none required'
ac_cv_search_socket='none required'
ac_cv_search_t_open=no
am_cv_CC_dependencies_compiler_type=none
am_cv_CXX_dependencies_compiler_type=none
am_cv_make_support_nested_variables=no
am_cv_prog_cc_c_o=yes

## ----------------- ##
## Output variables. ##
## ----------------- ##

ACLOCAL='${SHELL} /home/ubuntu/code/PythonPractice/swig-4.0.1/Tools/config/missing aclocal-1.15'
ADB=''
AMDEPBACKSLASH='\'
AMDEP_FALSE='#'
AMDEP_TRUE=''
AMTAR='$${TAR-tar}'
AM_BACKSLASH='\'
AM_DEFAULT_V='1'
AM_DEFAULT_VERBOSITY='1'
AM_V='1'
ANDROID=''
ANT=''
AUTOCONF='${SHELL} /home/ubuntu/code/PythonPractice/swig-4.0.1/Tools/config/missing autoconf'
AUTOHEADER='${SHELL} /home/ubuntu/code/PythonPractice/swig-4.0.1/Tools/config/missing autoheader'
AUTOMAKE='${SHELL} /home/ubuntu/code/PythonPractice/swig-4.0.1/Tools/config/missing automake-1.15'
AWK='gawk'
BOOST_CPPFLAGS='-I/include/boost-0'
BOOST_LDFLAGS='-L/lib64'
CAMLP4=''
CC='gcc'
CCDEPMODE='depmode=none'
CCSHARED='-fpic'
CFLAGS='-g -O2 -Wall -W -ansi -pedantic'
CPP='gcc -E'
CPPFLAGS=' -I/home/ubuntu/anaconda3/envs/tensorflow/include'
CSHARPCFLAGS=''
CSHARPCILINTERPRETER=''
CSHARPCILINTERPRETER_FLAGS=''
CSHARPCOMPILER=''
CSHARPCONVERTPATH='Tools/convertpath -u'
CSHARPDYNAMICLINKING=''
CSHARPLIBRARYPREFIX='lib'
CSHARPSO='.so'
CXX='g++'
CXXDEPMODE='depmode=none'
CXXFLAGS='-g -O2 -Wall -W -ansi -pedantic'
CXXSHARED='gcc -shared'
CYGPATH_W='echo'
D1COMPILER=''
D2COMPILER=''
DDEFAULTVERSION=''
DEFS='-DHAVE_CONFIG_H'
DEPDIR='.deps'
DLIBPREFIX='lib'
ECHO_C=''
ECHO_N='-n'
ECHO_T=''
EGREP='/bin/grep -E'
ENABLE_CCACHE='1'
EXEEXT=''
EXTRA_CLEAN=''
GCCGO=''
GCCGOOPT=''
GO12=''
GO13=''
GO15=''
GO1=''
GO=''
GOC=''
GOGCC='false'
GOOPT=''
GOVERSIONOPTION=''
GREP='/bin/grep'
GUILE='yes'
GUILE_CFLAGS=''
GUILE_CONFIG=''
GUILE_LIBS=''
GUILE_SO='.so'
HAVE_CXX11_COMPILER=''
INSTALL_DATA='${INSTALL} -m 644'
INSTALL_PROGRAM='${INSTALL}'
INSTALL_SCRIPT='${INSTALL}'
INSTALL_STRIP_PROGRAM='$(install_sh) -c -s'
JAVA=''
JAVAC=''
JAVACFLAGS=''
JAVACXXSHARED='$(CXXSHARED)'
JAVADYNAMICLINKING=''
JAVAFLAGS=''
JAVAINC=''
JAVALDSHARED='$(LDSHARED)'
JAVALIBRARYPREFIX='lib'
JAVASO='.so'
JAVA_CLASSPATH_SEP=':'
JAVA_TOOLS_JAR=''
JSCENABLED=''
JSCOREDYNAMICLINKING=''
JSCOREINC=''
JSCOREVERSION=''
JSINTERPRETERCXX='$(CXX)'
JSINTERPRETERLINKFLAGS='-ldl'
JSV8DYNAMICLINKING=''
JSV8ENABLED=''
JSV8INC=''
LDFLAGS=''
LDSHARED='gcc -shared'
LIBC=''
LIBCRYPT='-lcrypt'
LIBM='-lm'
LIBOBJS=''
LIBS='-ldl  -L/home/ubuntu/anaconda3/envs/tensorflow/lib -lpcre'
LINKFORSHARED='-Xlinker -export-dynamic'
LTLIBOBJS=''
LUABIN=''
LUADYNAMICLINKING=''
LUAFLAGS=''
LUALINK=''
LUA_SO='.so'
MAKEINFO='${SHELL} /home/ubuntu/code/PythonPractice/swig-4.0.1/Tools/config/missing makeinfo'
MKDIR_P='/bin/mkdir -p'
MZC=''
MZDYNOBJ=''
MZSCHEME=''
MZSCHEME_SO='.so'
NDKBUILD=''
NODEGYP=''
NODEJS=''
OBJEXT='o'
OCAMLC=''
OCAMLDLGEN=''
OCAMLFIND=''
OCAMLMKTOP=''
OCTAVE=''
OCTAVE_CPPFLAGS=''
OCTAVE_CXXFLAGS=''
OCTAVE_LDFLAGS=''
OCTAVE_SO='.oct'
PACKAGE='swig'
PACKAGE_BUGREPORT='http://www.swig.org'
PACKAGE_NAME='swig'
PACKAGE_STRING='swig 4.0.1'
PACKAGE_TARNAME='swig'
PACKAGE_URL=''
PACKAGE_VERSION='4.0.1'
PATH_SEPARATOR=':'
PCRE_CFLAGS='-I/home/ubuntu/anaconda3/envs/tensorflow/include'
PCRE_CONFIG='/home/ubuntu/anaconda3/envs/tensorflow/bin/pcre-config'
PCRE_LIBS='-L/home/ubuntu/anaconda3/envs/tensorflow/lib -lpcre'
PERL5CCCDLFLAGS='-fPIC'
PERL5CCDLFLAGS='-Wl,-E'
PERL5CCFLAGS='-D_REENTRANT -D_GNU_SOURCE -DDEBIAN -fwrapv -fno-strict-aliasing -pipe -isystem /usr/local/include -D_LARGEFILE_SOURCE -D_FILE_OFFSET_BITS=64'
PERL5DYNAMICLINKING=''
PERL5EXT='/usr/lib/x86_64-linux-gnu/perl/5.26/CORE'
PERL5LDFLAGS=' -fstack-protector-strong -L/usr/local/lib'
PERL5LIB='perl'
PERL='perl'
PHP=''
PHPINC=''
PHP_SO='.so'
PKGCONFIG=''
PLATCFLAGS=''
PLATCXXFLAGS=''
PY2TO3='2to3'
PY3CONFIG='python3-config'
PY3INCLUDE='-I/home/ubuntu/anaconda3/envs/tensorflow/include/python3.7m -I/home/ubuntu/anaconda3/envs/tensorflow/include/python3.7m'
PY3LIB=''
PY3LINK='-lpython3.7'
PYCODESTYLE=''
PYINCLUDE=''
PYLIB=''
PYLINK=''
PYTHON3='python3'
PYTHON3DYNAMICLINKING=''
PYTHON='python'
PYTHONDYNAMICLINKING=''
PYTHON_SO='.so'
RBIN=''
ROOT_DIR='/home/ubuntu/code/PythonPractice/swig-4.0.1'
RPATH='-Xlinker -rpath $(exec_prefix)/lib -Xlinker -rpath .'
RUBY=''
RUBYCCDLFLAGS=''
RUBYDYNAMICLINKING=''
RUBYINCLUDE=''
RUBYLIB=''
RUBYLINK=''
RUBYSO='.so'
SCILAB=''
SCILABINCLUDE=''
SCILABOPT=''
SED='/bin/sed'
SET_MAKE='MAKE=make'
SHELL='/bin/bash'
SKIP_ANDROID='1'
SKIP_CSHARP='1'
SKIP_D='1'
SKIP_GO='1'
SKIP_GUILE='1'
SKIP_JAVA='1'
SKIP_JAVASCRIPT='1'
SKIP_LUA='1'
SKIP_MZSCHEME='1'
SKIP_OCAML='1'
SKIP_OCTAVE='1'
SKIP_PERL5=''
SKIP_PHP='1'
SKIP_PYTHON3=''
SKIP_PYTHON=''
SKIP_R='1'
SKIP_RUBY='1'
SKIP_SCILAB='1'
SKIP_TCL='1'
SO='.so'
STRIP=''
SWIGLIBS=''
SWIG_LIB='/usr/local/share/swig/4.0.1'
SWIG_LIB_INSTALL='${datarootdir}/swig/4.0.1'
SWIG_LIB_PREINST='/home/ubuntu/code/PythonPractice/swig-4.0.1/Lib'
SWIG_LIB_SET='env SWIG_LIB=$(SWIG_LIB_DIR)'
SWILL=''
TCLCXXSHARED='$(CXXSHARED)'
TCLDYNAMICLINKING=''
TCLINCLUDE=''
TCLLDSHARED='$(LDSHARED)'
TCLLIB=''
TCL_SO='.so'
TRYLINKINGWITHCXX='CXXSHARED= g++ -shared '
VERSION='4.0.1'
YACC='bison -y'
YFLAGS=''
ac_aux_dir='Tools/config'
ac_ct_CC='gcc'
ac_ct_CXX='g++'
am__EXEEXT_FALSE=''
am__EXEEXT_TRUE='#'
am__fastdepCC_FALSE=''
am__fastdepCC_TRUE='#'
am__fastdepCXX_FALSE=''
am__fastdepCXX_TRUE='#'
am__include='#'
am__isrc=''
am__leading_dot='.'
am__nodep='_no'
am__quote=''
am__tar='$${TAR-tar} chof - "$$tardir"'
am__untar='$${TAR-tar} xf -'
bindir='${exec_prefix}/bin'
build='x86_64-pc-linux-gnu'
build_alias=''
build_cpu='x86_64'
build_os='linux-gnu'
build_vendor='pc'
datadir='${datarootdir}'
datarootdir='${prefix}/share'
docdir='${datarootdir}/doc/${PACKAGE_TARNAME}'
dvidir='${docdir}'
exec_prefix='${prefix}'
host='x86_64-pc-linux-gnu'
host_alias=''
host_cpu='x86_64'
host_os='linux-gnu'
host_vendor='pc'
htmldir='${docdir}'
includedir='${prefix}/include'
infodir='${datarootdir}/info'
install_sh='${SHELL} /home/ubuntu/code/PythonPractice/swig-4.0.1/Tools/config/install-sh'
libdir='${exec_prefix}/lib'
libexecdir='${exec_prefix}/libexec'
localedir='${datarootdir}/locale'
localstatedir='${prefix}/var'
mandir='${datarootdir}/man'
mkdir_p='$(MKDIR_P)'
oldincludedir='/usr/include'
pdfdir='${docdir}'
prefix='/usr/local'
program_transform_name='s,x,x,'
psdir='${docdir}'
runstatedir='${localstatedir}/run'
sbindir='${exec_prefix}/sbin'
sharedstatedir='${prefix}/com'
subdirs=' CCache'
sysconfdir='${prefix}/etc'
target_alias=''

## ----------- ##
## confdefs.h. ##
## ----------- ##

/* confdefs.h */
#define PACKAGE_NAME "swig"
#define PACKAGE_TARNAME "swig"
#define PACKAGE_VERSION "4.0.1"
#define PACKAGE_STRING "swig 4.0.1"
#define PACKAGE_BUGREPORT "http://www.swig.org"
#define PACKAGE_URL ""
#define PACKAGE "swig"
#define VERSION "4.0.1"
#define SWIG_CXX "g++"
#define SWIG_PLATFORM "x86_64-pc-linux-gnu"
#define STDC_HEADERS 1
#define HAVE_POPEN 1
#define HAVE_PCRE 1
#define HAVE_LIBDL 1
#define SWIG_LIB "/usr/local/share/swig/4.0.1"
#define SWIG_LIB_WIN_UNIX ""

configure: exit 0
